\BOOKMARK [1][-]{section.1}{\376\377\000I\000n\000t\000r\000o\000d\000u\000c\000t\000i\000o\000n}{}% 1
\BOOKMARK [2][-]{subsection.1.1}{\376\377\000T\000h\000e\000\040\000C\000r\000i\000s\000i\000s\000\040\000o\000f\000\040\000P\000r\000o\000p\000r\000i\000e\000t\000a\000r\000y\000\040\000M\000o\000b\000i\000l\000i\000t\000y\000\040\000S\000e\000r\000v\000i\000c\000e\000s}{section.1}% 2
\BOOKMARK [2][-]{subsection.1.2}{\376\377\000T\000h\000e\000\040\000V\000V\000-\000F\000\040\000P\000r\000o\000j\000e\000c\000t\000'\000s\000\040\000V\000a\000l\000u\000e\000\040\000P\000r\000o\000p\000o\000s\000i\000t\000i\000o\000n}{section.1}% 3
\BOOKMARK [1][-]{section.2}{\376\377\000T\000e\000c\000h\000n\000o\000l\000o\000g\000i\000c\000a\000l\000\040\000F\000o\000u\000n\000d\000a\000t\000i\000o\000n\000s\000\040\000a\000n\000d\000\040\000O\000p\000e\000n\000\040\000D\000a\000t\000a\000\040\000C\000h\000a\000l\000l\000e\000n\000g\000e\000s}{}% 4
\BOOKMARK [2][-]{subsection.2.1}{\376\377\000D\000a\000t\000a\000\040\000S\000t\000a\000n\000d\000a\000r\000d\000s\000\040\000a\000n\000d\000\040\000C\000o\000m\000p\000l\000e\000t\000e\000n\000e\000s\000s}{section.2}% 5
\BOOKMARK [2][-]{subsection.2.2}{\376\377\000A\000l\000g\000o\000r\000i\000t\000h\000m\000i\000c\000\040\000A\000p\000p\000r\000o\000a\000c\000h}{section.2}% 6
\BOOKMARK [1][-]{section.3}{\376\377\000M\000e\000t\000h\000o\000d\000o\000l\000o\000g\000y\000\040\000a\000n\000d\000\040\000E\000t\000h\000i\000c\000a\000l\000\040\000D\000e\000v\000e\000l\000o\000p\000m\000e\000n\000t\000\040\000F\000r\000a\000m\000e\000w\000o\000r\000k}{}% 7
\BOOKMARK [2][-]{subsection.3.1}{\376\377\000F\000O\000S\000S\000\040\000a\000s\000\040\000a\000n\000\040\000E\000t\000h\000i\000c\000a\000l\000\040\000I\000m\000p\000e\000r\000a\000t\000i\000v\000e}{section.3}% 8
\BOOKMARK [2][-]{subsection.3.2}{\376\377\000S\000y\000s\000t\000e\000m\000\040\000A\000r\000c\000h\000i\000t\000e\000c\000t\000u\000r\000e\000\040\000a\000n\000d\000\040\000D\000a\000t\000a\000\040\000F\000l\000o\000w}{section.3}% 9
\BOOKMARK [2][-]{subsection.3.3}{\376\377\000E\000v\000a\000l\000u\000a\000t\000i\000o\000n\000\040\000a\000n\000d\000\040\000V\000a\000l\000i\000d\000a\000t\000i\000o\000n\000\040\000S\000t\000r\000a\000t\000e\000g\000y}{section.3}% 10
\BOOKMARK [1][-]{section.4}{\376\377\000I\000m\000p\000a\000c\000t\000\040\000a\000n\000d\000\040\000F\000O\000S\000S\000\040\000E\000c\000o\000s\000y\000s\000t\000e\000m\000\040\000C\000o\000n\000t\000r\000i\000b\000u\000t\000i\000o\000n}{}% 11
\BOOKMARK [2][-]{subsection.4.1}{\376\377\000S\000o\000c\000i\000e\000t\000a\000l\000\040\000a\000n\000d\000\040\000E\000c\000o\000n\000o\000m\000i\000c\000\040\000B\000e\000n\000e\000f\000i\000t\000s}{section.4}% 12
\BOOKMARK [2][-]{subsection.4.2}{\376\377\000E\000d\000u\000c\000a\000t\000i\000o\000n\000a\000l\000\040\000a\000n\000d\000\040\000R\000e\000s\000e\000a\000r\000c\000h\000\040\000I\000m\000p\000a\000c\000t}{section.4}% 13
\BOOKMARK [1][-]{section.5}{\376\377\000I\000m\000p\000l\000e\000m\000e\000n\000t\000a\000t\000i\000o\000n\000\040\000S\000t\000r\000a\000t\000e\000g\000y}{}% 14
\BOOKMARK [2][-]{subsection.5.1}{\376\377\000W\000o\000r\000k\000\040\000P\000l\000a\000n\000\040\000S\000t\000r\000u\000c\000t\000u\000r\000e}{section.5}% 15
\BOOKMARK [2][-]{subsection.5.2}{\376\377\000R\000i\000s\000k\000\040\000M\000i\000t\000i\000g\000a\000t\000i\000o\000n\000\040\000a\000n\000d\000\040\000S\000u\000p\000e\000r\000v\000i\000s\000i\000o\000n}{section.5}% 16
\BOOKMARK [1][-]{section.6}{\376\377\000D\000i\000s\000s\000e\000m\000i\000n\000a\000t\000i\000o\000n\000\040\000a\000n\000d\000\040\000S\000u\000s\000t\000a\000i\000n\000a\000b\000i\000l\000i\000t\000y}{}% 17
\BOOKMARK [2][-]{subsection.6.1}{\376\377\000O\000p\000e\000n\000\040\000P\000u\000b\000l\000i\000c\000a\000t\000i\000o\000n}{section.6}% 18
\BOOKMARK [2][-]{subsection.6.2}{\376\377\000S\000u\000s\000t\000a\000i\000n\000a\000b\000i\000l\000i\000t\000y\000\040\000a\000n\000d\000\040\000F\000u\000t\000u\000r\000e\000\040\000W\000o\000r\000k}{section.6}% 19
\BOOKMARK [1][-]{section.7}{\376\377\000C\000o\000n\000c\000l\000u\000s\000i\000o\000n}{}% 20
